{
  "stats": {
    "suites": 1,
    "tests": 2,
    "passes": 1,
    "pending": 0,
    "failures": 1,
    "start": "2024-12-05T05:41:49.202Z",
    "end": "2024-12-05T05:42:02.296Z",
    "duration": 13094,
    "testsRegistered": 2,
    "passPercent": 50,
    "pendingPercent": 0,
    "other": 0,
    "hasOther": false,
    "skipped": 0,
    "hasSkipped": false
  },
  "results": [
    {
      "uuid": "80829f95-addc-4f02-a5a6-5f3723f649b7",
      "title": "",
      "fullFile": "cypress/e2e/tests/LoginPageTest/TC_002_Login_With_Valid_Credentials.cy.js",
      "file": "cypress/e2e/tests/LoginPageTest/TC_002_Login_With_Valid_Credentials.cy.js",
      "beforeHooks": [],
      "afterHooks": [],
      "tests": [],
      "suites": [
        {
          "uuid": "962053ff-e944-4c70-8ca5-f9356bff07dc",
          "title": "Login Functionalities of Automation Exercise Site",
          "fullFile": "",
          "file": "",
          "beforeHooks": [],
          "afterHooks": [],
          "tests": [
            {
              "title": "Validate Page Title",
              "fullTitle": "Login Functionalities of Automation Exercise Site Validate Page Title",
              "timedOut": null,
              "duration": 2230,
              "state": "failed",
              "speed": null,
              "pass": false,
              "fail": true,
              "pending": false,
              "context": "{\n  \"title\": \"Screenshot\",\n  \"value\": \"/Users/khosruzzaman/CYPRESS-WORKS/CY-POM/cypress/screenshots/TC_002_Login_With_Valid_Credentials.cy.js/Login Functionalities of Automation Exercise Site -- Validate Page Title (failed).png\"\n}",
              "code": "_loginPage.default.titleOfPage(this.data.title);",
              "err": {
                "message": "TypeError: _loginPage.default.titleOfPage is not a function",
                "estack": "TypeError: _loginPage.default.titleOfPage is not a function\n    at Context.eval (webpack://cy-pom/./cypress/e2e/tests/LoginPageTest/TC_002_Login_With_Valid_Credentials.cy.js:10:18)",
                "diff": null
              },
              "uuid": "12a7e804-6210-44d0-b6fe-3e6d7e78bb84",
              "parentUUID": "962053ff-e944-4c70-8ca5-f9356bff07dc",
              "isHook": false,
              "skipped": false
            },
            {
              "title": "TC_01: Login with valid credentials",
              "fullTitle": "Login Functionalities of Automation Exercise Site TC_01: Login with valid credentials",
              "timedOut": null,
              "duration": 5816,
              "state": "passed",
              "speed": "medium",
              "pass": true,
              "fail": false,
              "pending": false,
              "context": null,
              "code": "_landingPage.default.loginSource().enterEmail(this.data.validID).enterPassword(this.data.validPass).clickLogin().seeUserName(this.data.message.loggedUser).clickLogOut();",
              "err": {},
              "uuid": "94f93486-707e-4c9a-b16b-4bdee9dc86e6",
              "parentUUID": "962053ff-e944-4c70-8ca5-f9356bff07dc",
              "isHook": false,
              "skipped": false
            }
          ],
          "suites": [],
          "passes": [
            "94f93486-707e-4c9a-b16b-4bdee9dc86e6"
          ],
          "failures": [
            "12a7e804-6210-44d0-b6fe-3e6d7e78bb84"
          ],
          "pending": [],
          "skipped": [],
          "duration": 8046,
          "root": false,
          "rootEmpty": false,
          "_timeout": 2000
        }
      ],
      "passes": [],
      "failures": [],
      "pending": [],
      "skipped": [],
      "duration": 0,
      "root": true,
      "rootEmpty": true,
      "_timeout": 2000
    }
  ],
  "meta": {
    "mocha": {
      "version": "7.0.1"
    },
    "mochawesome": {
      "options": {
        "quiet": false,
        "reportFilename": "mochawesome",
        "saveHtml": true,
        "saveJson": true,
        "consoleReporter": "spec",
        "useInlineDiffs": false,
        "code": true
      },
      "version": "7.1.3"
    },
    "marge": {
      "options": {
        "id": "default",
        "reportDir": "cypress/reports/mocha",
        "quite": true,
        "overwrite": false,
        "html": true,
        "json": true
      },
      "version": "6.2.0"
    }
  }
}