{
  "stats": {
    "suites": 1,
    "tests": 3,
    "passes": 3,
    "pending": 0,
    "failures": 0,
    "start": "2024-12-05T05:43:05.544Z",
    "end": "2024-12-05T05:43:11.842Z",
    "duration": 6298,
    "testsRegistered": 3,
    "passPercent": 100,
    "pendingPercent": 0,
    "other": 0,
    "hasOther": false,
    "skipped": 0,
    "hasSkipped": false
  },
  "results": [
    {
      "uuid": "0514b904-1174-4105-8208-3a36a3bd3524",
      "title": "",
      "fullFile": "cypress/e2e/tests/LandingPageTest/TC_001_Land_To_Landing_Page.cy.js",
      "file": "cypress/e2e/tests/LandingPageTest/TC_001_Land_To_Landing_Page.cy.js",
      "beforeHooks": [],
      "afterHooks": [],
      "tests": [],
      "suites": [
        {
          "uuid": "05b8459e-884f-4cef-8e1c-67488dc316e7",
          "title": "Landing Page Functionalities of Automation Exercise Site",
          "fullFile": "",
          "file": "",
          "beforeHooks": [],
          "afterHooks": [],
          "tests": [
            {
              "title": "Validate Page Title",
              "fullTitle": "Landing Page Functionalities of Automation Exercise Site Validate Page Title",
              "timedOut": null,
              "duration": 2134,
              "state": "passed",
              "speed": "fast",
              "pass": true,
              "fail": false,
              "pending": false,
              "context": null,
              "code": "_landingPage.default.varifyCurrentPageTitle(this.data.titleLandingPge);",
              "err": {},
              "uuid": "d45742e5-76b6-43ee-be58-45605ba36b74",
              "parentUUID": "05b8459e-884f-4cef-8e1c-67488dc316e7",
              "isHook": false,
              "skipped": false
            },
            {
              "title": "Landing Page footer",
              "fullTitle": "Landing Page Functionalities of Automation Exercise Site Landing Page footer",
              "timedOut": null,
              "duration": 891,
              "state": "passed",
              "speed": "fast",
              "pass": true,
              "fail": false,
              "pending": false,
              "context": null,
              "code": "_landingPage.default.foterVisible(this.data.footer);",
              "err": {},
              "uuid": "14503010-98f1-4d3b-957a-74ffd3be9d8e",
              "parentUUID": "05b8459e-884f-4cef-8e1c-67488dc316e7",
              "isHook": false,
              "skipped": false
            },
            {
              "title": "Move foreward to Login Page",
              "fullTitle": "Landing Page Functionalities of Automation Exercise Site Move foreward to Login Page",
              "timedOut": null,
              "duration": 1389,
              "state": "passed",
              "speed": "fast",
              "pass": true,
              "fail": false,
              "pending": false,
              "context": null,
              "code": "_landingPage.default.loginSource();\n_landingPage.default.varifyCurrentPageTitle(this.data.titleLoginPage);",
              "err": {},
              "uuid": "a5985f97-b6a5-4070-822d-0d41541a8e03",
              "parentUUID": "05b8459e-884f-4cef-8e1c-67488dc316e7",
              "isHook": false,
              "skipped": false
            }
          ],
          "suites": [],
          "passes": [
            "d45742e5-76b6-43ee-be58-45605ba36b74",
            "14503010-98f1-4d3b-957a-74ffd3be9d8e",
            "a5985f97-b6a5-4070-822d-0d41541a8e03"
          ],
          "failures": [],
          "pending": [],
          "skipped": [],
          "duration": 4414,
          "root": false,
          "rootEmpty": false,
          "_timeout": 2000
        }
      ],
      "passes": [],
      "failures": [],
      "pending": [],
      "skipped": [],
      "duration": 0,
      "root": true,
      "rootEmpty": true,
      "_timeout": 2000
    }
  ],
  "meta": {
    "mocha": {
      "version": "7.0.1"
    },
    "mochawesome": {
      "options": {
        "quiet": false,
        "reportFilename": "mochawesome",
        "saveHtml": true,
        "saveJson": true,
        "consoleReporter": "spec",
        "useInlineDiffs": false,
        "code": true
      },
      "version": "7.1.3"
    },
    "marge": {
      "options": {
        "id": "default",
        "reportDir": "cypress/reports/mocha",
        "quite": true,
        "overwrite": false,
        "html": true,
        "json": true
      },
      "version": "6.2.0"
    }
  }
}