{
  "stats": {
    "suites": 1,
    "tests": 2,
    "passes": 2,
    "pending": 0,
    "failures": 0,
    "start": "2024-12-05T21:01:02.985Z",
    "end": "2024-12-05T21:01:12.161Z",
    "duration": 9176,
    "testsRegistered": 2,
    "passPercent": 100,
    "pendingPercent": 0,
    "other": 0,
    "hasOther": false,
    "skipped": 0,
    "hasSkipped": false
  },
  "results": [
    {
      "uuid": "c4ee3468-0846-42b2-86f3-5741c7fe89f7",
      "title": "",
      "fullFile": "cypress/e2e/tests/LoginPageTest/TC_002_Login_With_Valid_Credentials.cy.js",
      "file": "cypress/e2e/tests/LoginPageTest/TC_002_Login_With_Valid_Credentials.cy.js",
      "beforeHooks": [],
      "afterHooks": [],
      "tests": [],
      "suites": [
        {
          "uuid": "c6d0605b-1493-49d9-90ce-112c65c44412",
          "title": "Login Functionalities of Automation Exercise Site",
          "fullFile": "",
          "file": "",
          "beforeHooks": [],
          "afterHooks": [],
          "tests": [
            {
              "title": "Validate Page Title",
              "fullTitle": "Login Functionalities of Automation Exercise Site Validate Page Title",
              "timedOut": null,
              "duration": 2612,
              "state": "passed",
              "speed": "fast",
              "pass": true,
              "fail": false,
              "pending": false,
              "context": null,
              "code": "_landingPage.default.loginSource();\n_loginPage.default.pageTitle(this.data.title);",
              "err": {},
              "uuid": "4e99087c-c427-4f80-908a-3ecb67b87778",
              "parentUUID": "c6d0605b-1493-49d9-90ce-112c65c44412",
              "isHook": false,
              "skipped": false
            },
            {
              "title": "TC_01: Login with valid credentials",
              "fullTitle": "Login Functionalities of Automation Exercise Site TC_01: Login with valid credentials",
              "timedOut": null,
              "duration": 4881,
              "state": "passed",
              "speed": "fast",
              "pass": true,
              "fail": false,
              "pending": false,
              "context": null,
              "code": "_landingPage.default.loginSource().enterEmail(this.data.validID).enterPassword(this.data.validPass).clickLogin().seeUserName(this.data.message.loggedUser).clickLogOut();",
              "err": {},
              "uuid": "12a60036-0cad-4ee6-a2ec-f6435256fe2c",
              "parentUUID": "c6d0605b-1493-49d9-90ce-112c65c44412",
              "isHook": false,
              "skipped": false
            }
          ],
          "suites": [],
          "passes": [
            "4e99087c-c427-4f80-908a-3ecb67b87778",
            "12a60036-0cad-4ee6-a2ec-f6435256fe2c"
          ],
          "failures": [],
          "pending": [],
          "skipped": [],
          "duration": 7493,
          "root": false,
          "rootEmpty": false,
          "_timeout": 2000
        }
      ],
      "passes": [],
      "failures": [],
      "pending": [],
      "skipped": [],
      "duration": 0,
      "root": true,
      "rootEmpty": true,
      "_timeout": 2000
    }
  ],
  "meta": {
    "mocha": {
      "version": "7.0.1"
    },
    "mochawesome": {
      "options": {
        "quiet": false,
        "reportFilename": "mochawesome",
        "saveHtml": true,
        "saveJson": true,
        "consoleReporter": "spec",
        "useInlineDiffs": false,
        "code": true
      },
      "version": "7.1.3"
    },
    "marge": {
      "options": {
        "id": "default",
        "reportDir": "cypress/reports/mocha",
        "quite": true,
        "overwrite": false,
        "html": true,
        "json": true
      },
      "version": "6.2.0"
    }
  }
}