{
  "stats": {
    "suites": 1,
    "tests": 2,
    "passes": 1,
    "pending": 0,
    "failures": 1,
    "start": "2024-12-05T05:58:14.923Z",
    "end": "2024-12-05T05:58:25.733Z",
    "duration": 10810,
    "testsRegistered": 2,
    "passPercent": 50,
    "pendingPercent": 0,
    "other": 0,
    "hasOther": false,
    "skipped": 0,
    "hasSkipped": false
  },
  "results": [
    {
      "uuid": "99abc9b7-3914-4d85-a6ac-5c53dc80fa2c",
      "title": "",
      "fullFile": "cypress/e2e/tests/LoginPageTest/TC_002_Login_With_Valid_Credentials.cy.js",
      "file": "cypress/e2e/tests/LoginPageTest/TC_002_Login_With_Valid_Credentials.cy.js",
      "beforeHooks": [],
      "afterHooks": [],
      "tests": [],
      "suites": [
        {
          "uuid": "345769f1-44af-467b-9dec-3889a578a007",
          "title": "Login Functionalities of Automation Exercise Site",
          "fullFile": "",
          "file": "",
          "beforeHooks": [],
          "afterHooks": [],
          "tests": [
            {
              "title": "Validate Page Title",
              "fullTitle": "Login Functionalities of Automation Exercise Site Validate Page Title",
              "timedOut": null,
              "duration": 1335,
              "state": "failed",
              "speed": null,
              "pass": false,
              "fail": true,
              "pending": false,
              "context": "{\n  \"title\": \"Screenshot\",\n  \"value\": \"/Users/khosruzzaman/CYPRESS-WORKS/CY-POM/cypress/screenshots/TC_002_Login_With_Valid_Credentials.cy.js/Login Functionalities of Automation Exercise Site -- Validate Page Title (failed).png\"\n}",
              "code": "_loginPage.default.titleOfPage(this.data.title);",
              "err": {
                "message": "TypeError: _loginPage.default.titleOfPage is not a function",
                "estack": "TypeError: _loginPage.default.titleOfPage is not a function\n    at Context.eval (webpack://cy-pom/./cypress/e2e/tests/LoginPageTest/TC_002_Login_With_Valid_Credentials.cy.js:10:18)",
                "diff": null
              },
              "uuid": "60417975-6557-4d16-9bdf-da67904402af",
              "parentUUID": "345769f1-44af-467b-9dec-3889a578a007",
              "isHook": false,
              "skipped": false
            },
            {
              "title": "TC_01: Login with valid credentials",
              "fullTitle": "Login Functionalities of Automation Exercise Site TC_01: Login with valid credentials",
              "timedOut": null,
              "duration": 4162,
              "state": "passed",
              "speed": "fast",
              "pass": true,
              "fail": false,
              "pending": false,
              "context": null,
              "code": "_landingPage.default.loginSource().enterEmail(this.data.validID).enterPassword(this.data.validPass).clickLogin().seeUserName(this.data.message.loggedUser).clickLogOut();",
              "err": {},
              "uuid": "f85707b8-bbbc-473f-ba85-4c2dc5da75d6",
              "parentUUID": "345769f1-44af-467b-9dec-3889a578a007",
              "isHook": false,
              "skipped": false
            }
          ],
          "suites": [],
          "passes": [
            "f85707b8-bbbc-473f-ba85-4c2dc5da75d6"
          ],
          "failures": [
            "60417975-6557-4d16-9bdf-da67904402af"
          ],
          "pending": [],
          "skipped": [],
          "duration": 5497,
          "root": false,
          "rootEmpty": false,
          "_timeout": 2000
        }
      ],
      "passes": [],
      "failures": [],
      "pending": [],
      "skipped": [],
      "duration": 0,
      "root": true,
      "rootEmpty": true,
      "_timeout": 2000
    }
  ],
  "meta": {
    "mocha": {
      "version": "7.0.1"
    },
    "mochawesome": {
      "options": {
        "quiet": false,
        "reportFilename": "mochawesome",
        "saveHtml": true,
        "saveJson": true,
        "consoleReporter": "spec",
        "useInlineDiffs": false,
        "code": true
      },
      "version": "7.1.3"
    },
    "marge": {
      "options": {
        "id": "default",
        "reportDir": "cypress/reports/mocha",
        "quite": true,
        "overwrite": false,
        "html": true,
        "json": true
      },
      "version": "6.2.0"
    }
  }
}