{
  "stats": {
    "suites": 1,
    "tests": 3,
    "passes": 3,
    "pending": 0,
    "failures": 0,
    "start": "2024-12-05T05:38:17.064Z",
    "end": "2024-12-05T05:38:22.135Z",
    "duration": 5071,
    "testsRegistered": 3,
    "passPercent": 100,
    "pendingPercent": 0,
    "other": 0,
    "hasOther": false,
    "skipped": 0,
    "hasSkipped": false
  },
  "results": [
    {
      "uuid": "8e0d30ff-fef9-4a6c-abe4-82769c824fd4",
      "title": "",
      "fullFile": "cypress/e2e/tests/LandingPageTest/TC_001_Land_To_Landing_Page.cy.js",
      "file": "cypress/e2e/tests/LandingPageTest/TC_001_Land_To_Landing_Page.cy.js",
      "beforeHooks": [],
      "afterHooks": [],
      "tests": [],
      "suites": [
        {
          "uuid": "256cdb4c-688e-459d-bf33-9ba443b58d42",
          "title": "Landing Page Functionalities of Automation Exercise Site",
          "fullFile": "",
          "file": "",
          "beforeHooks": [],
          "afterHooks": [],
          "tests": [
            {
              "title": "Validate Page Title",
              "fullTitle": "Landing Page Functionalities of Automation Exercise Site Validate Page Title",
              "timedOut": null,
              "duration": 1291,
              "state": "passed",
              "speed": "fast",
              "pass": true,
              "fail": false,
              "pending": false,
              "context": null,
              "code": "_landingPage.default.varifyCurrentPageTitle(this.data.titleLandingPge);",
              "err": {},
              "uuid": "d0e276a7-f2ea-4ccb-84fb-5dd0acf05751",
              "parentUUID": "256cdb4c-688e-459d-bf33-9ba443b58d42",
              "isHook": false,
              "skipped": false
            },
            {
              "title": "Landing Page footer",
              "fullTitle": "Landing Page Functionalities of Automation Exercise Site Landing Page footer",
              "timedOut": null,
              "duration": 867,
              "state": "passed",
              "speed": "fast",
              "pass": true,
              "fail": false,
              "pending": false,
              "context": null,
              "code": "_landingPage.default.foterVisible(this.data.footer);",
              "err": {},
              "uuid": "6743f834-d075-4e5f-90f9-aa9410e1464a",
              "parentUUID": "256cdb4c-688e-459d-bf33-9ba443b58d42",
              "isHook": false,
              "skipped": false
            },
            {
              "title": "Move foreward to Login Page",
              "fullTitle": "Landing Page Functionalities of Automation Exercise Site Move foreward to Login Page",
              "timedOut": null,
              "duration": 1184,
              "state": "passed",
              "speed": "fast",
              "pass": true,
              "fail": false,
              "pending": false,
              "context": null,
              "code": "_landingPage.default.loginSource();\n_landingPage.default.varifyCurrentPageTitle(this.data.titleLoginPage);",
              "err": {},
              "uuid": "0477bf13-ac53-47e0-9e7b-af16a917c96a",
              "parentUUID": "256cdb4c-688e-459d-bf33-9ba443b58d42",
              "isHook": false,
              "skipped": false
            }
          ],
          "suites": [],
          "passes": [
            "d0e276a7-f2ea-4ccb-84fb-5dd0acf05751",
            "6743f834-d075-4e5f-90f9-aa9410e1464a",
            "0477bf13-ac53-47e0-9e7b-af16a917c96a"
          ],
          "failures": [],
          "pending": [],
          "skipped": [],
          "duration": 3342,
          "root": false,
          "rootEmpty": false,
          "_timeout": 2000
        }
      ],
      "passes": [],
      "failures": [],
      "pending": [],
      "skipped": [],
      "duration": 0,
      "root": true,
      "rootEmpty": true,
      "_timeout": 2000
    }
  ],
  "meta": {
    "mocha": {
      "version": "7.0.1"
    },
    "mochawesome": {
      "options": {
        "quiet": false,
        "reportFilename": "mochawesome",
        "saveHtml": true,
        "saveJson": true,
        "consoleReporter": "spec",
        "useInlineDiffs": false,
        "code": true
      },
      "version": "7.1.3"
    },
    "marge": {
      "options": {
        "id": "default",
        "reportDir": "cypress/reports/mocha",
        "quite": true,
        "overwrite": false,
        "html": true,
        "json": true
      },
      "version": "6.2.0"
    }
  }
}