{
  "stats": {
    "suites": 1,
    "tests": 2,
    "passes": 2,
    "pending": 0,
    "failures": 0,
    "start": "2024-12-04T04:53:15.131Z",
    "end": "2024-12-04T04:53:18.953Z",
    "duration": 3822,
    "testsRegistered": 2,
    "passPercent": 100,
    "pendingPercent": 0,
    "other": 0,
    "hasOther": false,
    "skipped": 0,
    "hasSkipped": false
  },
  "results": [
    {
      "uuid": "79dcdd07-117e-4734-b6ac-ba16cce731b3",
      "title": "",
      "fullFile": "cypress/e2e/tests/LandingPageTest/TC_001_Land_To_Landing_Page.cy.js",
      "file": "cypress/e2e/tests/LandingPageTest/TC_001_Land_To_Landing_Page.cy.js",
      "beforeHooks": [],
      "afterHooks": [],
      "tests": [],
      "suites": [
        {
          "uuid": "8f133115-e307-4961-9ab1-460a0cc920f2",
          "title": "Landing Page Functionalities of Automation Exercise Site",
          "fullFile": "",
          "file": "",
          "beforeHooks": [],
          "afterHooks": [],
          "tests": [
            {
              "title": "Validate Page Title",
              "fullTitle": "Landing Page Functionalities of Automation Exercise Site Validate Page Title",
              "timedOut": null,
              "duration": 1130,
              "state": "passed",
              "speed": "fast",
              "pass": true,
              "fail": false,
              "pending": false,
              "context": null,
              "code": "_landingPage.default.titleOfPage(this.data.title);",
              "err": {},
              "uuid": "7fc6c736-7c9b-48a2-81a3-652f111f1ac2",
              "parentUUID": "8f133115-e307-4961-9ab1-460a0cc920f2",
              "isHook": false,
              "skipped": false
            },
            {
              "title": "Landing Page footer",
              "fullTitle": "Landing Page Functionalities of Automation Exercise Site Landing Page footer",
              "timedOut": null,
              "duration": 1197,
              "state": "passed",
              "speed": "fast",
              "pass": true,
              "fail": false,
              "pending": false,
              "context": null,
              "code": "_landingPage.default.foterVisible(this.data.footer);",
              "err": {},
              "uuid": "4f08cc52-c038-4845-a9cf-eecdb41831b9",
              "parentUUID": "8f133115-e307-4961-9ab1-460a0cc920f2",
              "isHook": false,
              "skipped": false
            }
          ],
          "suites": [],
          "passes": [
            "7fc6c736-7c9b-48a2-81a3-652f111f1ac2",
            "4f08cc52-c038-4845-a9cf-eecdb41831b9"
          ],
          "failures": [],
          "pending": [],
          "skipped": [],
          "duration": 2327,
          "root": false,
          "rootEmpty": false,
          "_timeout": 2000
        }
      ],
      "passes": [],
      "failures": [],
      "pending": [],
      "skipped": [],
      "duration": 0,
      "root": true,
      "rootEmpty": true,
      "_timeout": 2000
    }
  ],
  "meta": {
    "mocha": {
      "version": "7.0.1"
    },
    "mochawesome": {
      "options": {
        "quiet": false,
        "reportFilename": "mochawesome",
        "saveHtml": true,
        "saveJson": true,
        "consoleReporter": "spec",
        "useInlineDiffs": false,
        "code": true
      },
      "version": "7.1.3"
    },
    "marge": {
      "options": {
        "id": "default",
        "reportDir": "cypress/reports/mocha",
        "quite": true,
        "overwrite": false,
        "html": true,
        "json": true
      },
      "version": "6.2.0"
    }
  }
}