{
  "stats": {
    "suites": 1,
    "tests": 1,
    "passes": 1,
    "pending": 0,
    "failures": 0,
    "start": "2024-12-05T05:39:49.726Z",
    "end": "2024-12-05T05:39:55.084Z",
    "duration": 5358,
    "testsRegistered": 1,
    "passPercent": 100,
    "pendingPercent": 0,
    "other": 0,
    "hasOther": false,
    "skipped": 0,
    "hasSkipped": false
  },
  "results": [
    {
      "uuid": "376a6238-a470-477e-a990-921edf89d30e",
      "title": "",
      "fullFile": "cypress/e2e/tests/LoginPageTest/TC_002_Login_With_Valid_Credentials.cy.js",
      "file": "cypress/e2e/tests/LoginPageTest/TC_002_Login_With_Valid_Credentials.cy.js",
      "beforeHooks": [],
      "afterHooks": [],
      "tests": [],
      "suites": [
        {
          "uuid": "9b6901c6-7b1d-4410-960d-bc926aeff509",
          "title": "Login Functionalities of Automation Exercise Site",
          "fullFile": "",
          "file": "",
          "beforeHooks": [],
          "afterHooks": [],
          "tests": [
            {
              "title": "TC_01: Login with valid credentials",
              "fullTitle": "Login Functionalities of Automation Exercise Site TC_01: Login with valid credentials",
              "timedOut": null,
              "duration": 3984,
              "state": "passed",
              "speed": "fast",
              "pass": true,
              "fail": false,
              "pending": false,
              "context": null,
              "code": "_landingPage.default.loginSource().enterEmail(this.data.validID).enterPassword(this.data.validPass).clickLogin().seeUserName(this.data.message.loggedUser).clickLogOut();",
              "err": {},
              "uuid": "4e11fab6-a653-4e5b-8537-32b49a608ae1",
              "parentUUID": "9b6901c6-7b1d-4410-960d-bc926aeff509",
              "isHook": false,
              "skipped": false
            }
          ],
          "suites": [],
          "passes": [
            "4e11fab6-a653-4e5b-8537-32b49a608ae1"
          ],
          "failures": [],
          "pending": [],
          "skipped": [],
          "duration": 3984,
          "root": false,
          "rootEmpty": false,
          "_timeout": 2000
        }
      ],
      "passes": [],
      "failures": [],
      "pending": [],
      "skipped": [],
      "duration": 0,
      "root": true,
      "rootEmpty": true,
      "_timeout": 2000
    }
  ],
  "meta": {
    "mocha": {
      "version": "7.0.1"
    },
    "mochawesome": {
      "options": {
        "quiet": false,
        "reportFilename": "mochawesome",
        "saveHtml": true,
        "saveJson": true,
        "consoleReporter": "spec",
        "useInlineDiffs": false,
        "code": true
      },
      "version": "7.1.3"
    },
    "marge": {
      "options": {
        "id": "default",
        "reportDir": "cypress/reports/mocha",
        "quite": true,
        "overwrite": false,
        "html": true,
        "json": true
      },
      "version": "6.2.0"
    }
  }
}