{
  "stats": {
    "suites": 3,
    "tests": 6,
    "passes": 6,
    "pending": 0,
    "failures": 0,
    "testsRegistered": 6,
    "passPercent": 100,
    "pendingPercent": 0,
    "other": 0,
    "hasOther": false,
    "skipped": 0,
    "hasSkipped": false,
    "start": "2024-12-05T20:44:09.814Z",
    "end": "2024-12-05T20:44:38.649Z",
    "duration": 28835
  },
  "results": [
    {
      "uuid": "78d2945f-8cdf-4a93-8bf5-68fb29990926",
      "title": "",
      "fullFile": "cypress/e2e/tests/LandingPageTest/TC_001_Land_To_Landing_Page.cy.js",
      "file": "cypress/e2e/tests/LandingPageTest/TC_001_Land_To_Landing_Page.cy.js",
      "beforeHooks": [],
      "afterHooks": [],
      "tests": [],
      "suites": [
        {
          "uuid": "6e292fca-0205-46af-8550-69e288caded0",
          "title": "Landing Page Functionalities of Automation Exercise Site",
          "fullFile": "",
          "file": "",
          "beforeHooks": [],
          "afterHooks": [],
          "tests": [
            {
              "title": "Validate Page Title",
              "fullTitle": "Landing Page Functionalities of Automation Exercise Site Validate Page Title",
              "timedOut": null,
              "duration": 3278,
              "state": "passed",
              "speed": "fast",
              "pass": true,
              "fail": false,
              "pending": false,
              "context": null,
              "code": "_landingPage.default.varifyCurrentPageTitle(this.data.titleLandingPge);",
              "err": {},
              "uuid": "b59d3a6a-964d-4ede-ae8d-30b14389a1af",
              "parentUUID": "6e292fca-0205-46af-8550-69e288caded0",
              "isHook": false,
              "skipped": false
            },
            {
              "title": "Landing Page footer",
              "fullTitle": "Landing Page Functionalities of Automation Exercise Site Landing Page footer",
              "timedOut": null,
              "duration": 1621,
              "state": "passed",
              "speed": "fast",
              "pass": true,
              "fail": false,
              "pending": false,
              "context": null,
              "code": "_landingPage.default.foterVisible(this.data.footer);",
              "err": {},
              "uuid": "817db95b-4d01-48c5-815b-189ca42c2f0b",
              "parentUUID": "6e292fca-0205-46af-8550-69e288caded0",
              "isHook": false,
              "skipped": false
            },
            {
              "title": "Move foreward to Login Page",
              "fullTitle": "Landing Page Functionalities of Automation Exercise Site Move foreward to Login Page",
              "timedOut": null,
              "duration": 1334,
              "state": "passed",
              "speed": "fast",
              "pass": true,
              "fail": false,
              "pending": false,
              "context": null,
              "code": "_landingPage.default.loginSource();\n_landingPage.default.varifyCurrentPageTitle(this.data.titleLoginPage);",
              "err": {},
              "uuid": "f5ed14ea-9009-4e55-90a1-1eeffaf807f0",
              "parentUUID": "6e292fca-0205-46af-8550-69e288caded0",
              "isHook": false,
              "skipped": false
            }
          ],
          "suites": [],
          "passes": [
            "b59d3a6a-964d-4ede-ae8d-30b14389a1af",
            "817db95b-4d01-48c5-815b-189ca42c2f0b",
            "f5ed14ea-9009-4e55-90a1-1eeffaf807f0"
          ],
          "failures": [],
          "pending": [],
          "skipped": [],
          "duration": 6233,
          "root": false,
          "rootEmpty": false,
          "_timeout": 2000
        }
      ],
      "passes": [],
      "failures": [],
      "pending": [],
      "skipped": [],
      "duration": 0,
      "root": true,
      "rootEmpty": true,
      "_timeout": 2000
    },
    {
      "uuid": "85a5822c-8dfe-4a1f-ae78-5dfb0b3fee4c",
      "title": "",
      "fullFile": "cypress/e2e/tests/LoginPageTest/TC_002_Login_With_Valid_Credentials.cy.js",
      "file": "cypress/e2e/tests/LoginPageTest/TC_002_Login_With_Valid_Credentials.cy.js",
      "beforeHooks": [],
      "afterHooks": [],
      "tests": [],
      "suites": [
        {
          "uuid": "8381259c-ab7b-4a19-829e-8c1f8816d01b",
          "title": "Login Functionalities of Automation Exercise Site",
          "fullFile": "",
          "file": "",
          "beforeHooks": [],
          "afterHooks": [],
          "tests": [
            {
              "title": "Validate Page Title",
              "fullTitle": "Login Functionalities of Automation Exercise Site Validate Page Title",
              "timedOut": null,
              "duration": 2213,
              "state": "passed",
              "speed": "fast",
              "pass": true,
              "fail": false,
              "pending": false,
              "context": null,
              "code": "_landingPage.default.loginSource();\n_loginPage.default.pageTitle(this.data.title);",
              "err": {},
              "uuid": "e21cebad-0784-4ef1-b92b-0e1a6ff925ef",
              "parentUUID": "8381259c-ab7b-4a19-829e-8c1f8816d01b",
              "isHook": false,
              "skipped": false
            },
            {
              "title": "TC_01: Login with valid credentials",
              "fullTitle": "Login Functionalities of Automation Exercise Site TC_01: Login with valid credentials",
              "timedOut": null,
              "duration": 4276,
              "state": "passed",
              "speed": "fast",
              "pass": true,
              "fail": false,
              "pending": false,
              "context": null,
              "code": "_landingPage.default.loginSource().enterEmail(this.data.validID).enterPassword(this.data.validPass).clickLogin().seeUserName(this.data.message.loggedUser).clickLogOut();",
              "err": {},
              "uuid": "dad9c53b-92a6-4cdd-9f97-b084ef350601",
              "parentUUID": "8381259c-ab7b-4a19-829e-8c1f8816d01b",
              "isHook": false,
              "skipped": false
            }
          ],
          "suites": [],
          "passes": [
            "e21cebad-0784-4ef1-b92b-0e1a6ff925ef",
            "dad9c53b-92a6-4cdd-9f97-b084ef350601"
          ],
          "failures": [],
          "pending": [],
          "skipped": [],
          "duration": 6489,
          "root": false,
          "rootEmpty": false,
          "_timeout": 2000
        }
      ],
      "passes": [],
      "failures": [],
      "pending": [],
      "skipped": [],
      "duration": 0,
      "root": true,
      "rootEmpty": true,
      "_timeout": 2000
    },
    {
      "uuid": "8f19016e-8a0c-4235-9983-4c278c606484",
      "title": "",
      "fullFile": "cypress/e2e/tests/RegistrationPageTest/TC_003_Register_User.cy.js",
      "file": "cypress/e2e/tests/RegistrationPageTest/TC_003_Register_User.cy.js",
      "beforeHooks": [],
      "afterHooks": [],
      "tests": [],
      "suites": [
        {
          "uuid": "5a91a7cd-192d-41c5-b331-235c8e64d8f8",
          "title": "Registration Functionalities",
          "fullFile": "",
          "file": "",
          "beforeHooks": [],
          "afterHooks": [],
          "tests": [
            {
              "title": "TC_01: Register new user",
              "fullTitle": "Registration Functionalities TC_01: Register new user",
              "timedOut": null,
              "duration": 8538,
              "state": "passed",
              "speed": "medium",
              "pass": true,
              "fail": false,
              "pending": false,
              "context": null,
              "code": "_landingPage.default.loginSource();\n_registerUser.default.userFullName(this.data.name);\n_registerUser.default.userEmail(this.data.newEmail);\n_registerUser.default.clicSignupButton();\n_registerUser.default.genders();\n_registerUser.default.newPass(this.data.passWord);\n_registerUser.default.setDay(5);\n_registerUser.default.setMonths('March');\n_registerUser.default.setYears(1995);\n_registerUser.default.setFirstName(this.data.firstName);\n_registerUser.default.setLastName(this.data.lastName);\n_registerUser.default.setCompanyName(this.data.company);\n_registerUser.default.setAddress(this.data.address);\n_registerUser.default.setCountry(this.data.country);\n_registerUser.default.setStates('NY');\n_registerUser.default.setCity(this.data.city);\n_registerUser.default.setZip(this.data.zip);\n_registerUser.default.setMob(this.data.mobileNo);\n_registerUser.default.clickRegister();\n_registerUser.default.accountCreated(this.data.finalMessage);\n_registerUser.default.clicContinue();\n_loginPage.default.seeUserName(this.data.nameAppear);",
              "err": {},
              "uuid": "ec5d8c5d-bf3b-4e63-9bed-e01bbde46095",
              "parentUUID": "5a91a7cd-192d-41c5-b331-235c8e64d8f8",
              "isHook": false,
              "skipped": false
            }
          ],
          "suites": [],
          "passes": [
            "ec5d8c5d-bf3b-4e63-9bed-e01bbde46095"
          ],
          "failures": [],
          "pending": [],
          "skipped": [],
          "duration": 8538,
          "root": false,
          "rootEmpty": false,
          "_timeout": 2000
        }
      ],
      "passes": [],
      "failures": [],
      "pending": [],
      "skipped": [],
      "duration": 0,
      "root": true,
      "rootEmpty": true,
      "_timeout": 2000
    }
  ],
  "meta": {
    "mocha": {
      "version": "7.0.1"
    },
    "mochawesome": {
      "options": {
        "quiet": false,
        "reportFilename": "mochawesome",
        "saveHtml": true,
        "saveJson": true,
        "consoleReporter": "spec",
        "useInlineDiffs": false,
        "code": true
      },
      "version": "7.1.3"
    },
    "marge": {
      "options": {
        "id": "default",
        "reportDir": "cypress/reports/mocha",
        "quite": true,
        "overwrite": false,
        "html": true,
        "json": true
      },
      "version": "6.2.0"
    }
  }
}