{
  "stats": {
    "suites": 2,
    "tests": 5,
    "passes": 4,
    "pending": 0,
    "failures": 1,
    "testsRegistered": 5,
    "passPercent": 80,
    "pendingPercent": 0,
    "other": 0,
    "hasOther": false,
    "skipped": 0,
    "hasSkipped": false,
    "start": "2024-12-05T05:58:07.277Z",
    "end": "2024-12-05T05:58:25.733Z",
    "duration": 18456
  },
  "results": [
    {
      "uuid": "390a4977-927b-4b36-a641-80301eab2883",
      "title": "",
      "fullFile": "cypress/e2e/tests/LandingPageTest/TC_001_Land_To_Landing_Page.cy.js",
      "file": "cypress/e2e/tests/LandingPageTest/TC_001_Land_To_Landing_Page.cy.js",
      "beforeHooks": [],
      "afterHooks": [],
      "tests": [],
      "suites": [
        {
          "uuid": "a2995c4f-ff91-4adf-a018-18f40f0f5d41",
          "title": "Landing Page Functionalities of Automation Exercise Site",
          "fullFile": "",
          "file": "",
          "beforeHooks": [],
          "afterHooks": [],
          "tests": [
            {
              "title": "Validate Page Title",
              "fullTitle": "Landing Page Functionalities of Automation Exercise Site Validate Page Title",
              "timedOut": null,
              "duration": 1824,
              "state": "passed",
              "speed": "fast",
              "pass": true,
              "fail": false,
              "pending": false,
              "context": null,
              "code": "_landingPage.default.varifyCurrentPageTitle(this.data.titleLandingPge);",
              "err": {},
              "uuid": "e3eef402-97fa-4987-a034-9954e7d7c921",
              "parentUUID": "a2995c4f-ff91-4adf-a018-18f40f0f5d41",
              "isHook": false,
              "skipped": false
            },
            {
              "title": "Landing Page footer",
              "fullTitle": "Landing Page Functionalities of Automation Exercise Site Landing Page footer",
              "timedOut": null,
              "duration": 967,
              "state": "passed",
              "speed": "fast",
              "pass": true,
              "fail": false,
              "pending": false,
              "context": null,
              "code": "_landingPage.default.foterVisible(this.data.footer);",
              "err": {},
              "uuid": "686bd46d-bac7-42b8-b737-e6a7da39c62d",
              "parentUUID": "a2995c4f-ff91-4adf-a018-18f40f0f5d41",
              "isHook": false,
              "skipped": false
            },
            {
              "title": "Move foreward to Login Page",
              "fullTitle": "Landing Page Functionalities of Automation Exercise Site Move foreward to Login Page",
              "timedOut": null,
              "duration": 1530,
              "state": "passed",
              "speed": "fast",
              "pass": true,
              "fail": false,
              "pending": false,
              "context": null,
              "code": "_landingPage.default.loginSource();\n_landingPage.default.varifyCurrentPageTitle(this.data.titleLoginPage);",
              "err": {},
              "uuid": "e5ddf792-eb28-4749-a624-9ecf9e423dc5",
              "parentUUID": "a2995c4f-ff91-4adf-a018-18f40f0f5d41",
              "isHook": false,
              "skipped": false
            }
          ],
          "suites": [],
          "passes": [
            "e3eef402-97fa-4987-a034-9954e7d7c921",
            "686bd46d-bac7-42b8-b737-e6a7da39c62d",
            "e5ddf792-eb28-4749-a624-9ecf9e423dc5"
          ],
          "failures": [],
          "pending": [],
          "skipped": [],
          "duration": 4321,
          "root": false,
          "rootEmpty": false,
          "_timeout": 2000
        }
      ],
      "passes": [],
      "failures": [],
      "pending": [],
      "skipped": [],
      "duration": 0,
      "root": true,
      "rootEmpty": true,
      "_timeout": 2000
    },
    {
      "uuid": "99abc9b7-3914-4d85-a6ac-5c53dc80fa2c",
      "title": "",
      "fullFile": "cypress/e2e/tests/LoginPageTest/TC_002_Login_With_Valid_Credentials.cy.js",
      "file": "cypress/e2e/tests/LoginPageTest/TC_002_Login_With_Valid_Credentials.cy.js",
      "beforeHooks": [],
      "afterHooks": [],
      "tests": [],
      "suites": [
        {
          "uuid": "345769f1-44af-467b-9dec-3889a578a007",
          "title": "Login Functionalities of Automation Exercise Site",
          "fullFile": "",
          "file": "",
          "beforeHooks": [],
          "afterHooks": [],
          "tests": [
            {
              "title": "Validate Page Title",
              "fullTitle": "Login Functionalities of Automation Exercise Site Validate Page Title",
              "timedOut": null,
              "duration": 1335,
              "state": "failed",
              "speed": null,
              "pass": false,
              "fail": true,
              "pending": false,
              "context": "{\n  \"title\": \"Screenshot\",\n  \"value\": \"/Users/khosruzzaman/CYPRESS-WORKS/CY-POM/cypress/screenshots/TC_002_Login_With_Valid_Credentials.cy.js/Login Functionalities of Automation Exercise Site -- Validate Page Title (failed).png\"\n}",
              "code": "_loginPage.default.titleOfPage(this.data.title);",
              "err": {
                "message": "TypeError: _loginPage.default.titleOfPage is not a function",
                "estack": "TypeError: _loginPage.default.titleOfPage is not a function\n    at Context.eval (webpack://cy-pom/./cypress/e2e/tests/LoginPageTest/TC_002_Login_With_Valid_Credentials.cy.js:10:18)",
                "diff": null
              },
              "uuid": "60417975-6557-4d16-9bdf-da67904402af",
              "parentUUID": "345769f1-44af-467b-9dec-3889a578a007",
              "isHook": false,
              "skipped": false
            },
            {
              "title": "TC_01: Login with valid credentials",
              "fullTitle": "Login Functionalities of Automation Exercise Site TC_01: Login with valid credentials",
              "timedOut": null,
              "duration": 4162,
              "state": "passed",
              "speed": "fast",
              "pass": true,
              "fail": false,
              "pending": false,
              "context": null,
              "code": "_landingPage.default.loginSource().enterEmail(this.data.validID).enterPassword(this.data.validPass).clickLogin().seeUserName(this.data.message.loggedUser).clickLogOut();",
              "err": {},
              "uuid": "f85707b8-bbbc-473f-ba85-4c2dc5da75d6",
              "parentUUID": "345769f1-44af-467b-9dec-3889a578a007",
              "isHook": false,
              "skipped": false
            }
          ],
          "suites": [],
          "passes": [
            "f85707b8-bbbc-473f-ba85-4c2dc5da75d6"
          ],
          "failures": [
            "60417975-6557-4d16-9bdf-da67904402af"
          ],
          "pending": [],
          "skipped": [],
          "duration": 5497,
          "root": false,
          "rootEmpty": false,
          "_timeout": 2000
        }
      ],
      "passes": [],
      "failures": [],
      "pending": [],
      "skipped": [],
      "duration": 0,
      "root": true,
      "rootEmpty": true,
      "_timeout": 2000
    }
  ],
  "meta": {
    "mocha": {
      "version": "7.0.1"
    },
    "mochawesome": {
      "options": {
        "quiet": false,
        "reportFilename": "mochawesome",
        "saveHtml": true,
        "saveJson": true,
        "consoleReporter": "spec",
        "useInlineDiffs": false,
        "code": true
      },
      "version": "7.1.3"
    },
    "marge": {
      "options": {
        "id": "default",
        "reportDir": "cypress/reports/mocha",
        "quite": true,
        "overwrite": false,
        "html": true,
        "json": true
      },
      "version": "6.2.0"
    }
  }
}